Build started 4/3/2014 12:25:27 PM.
     1>Project "\\vmware-host\Shared Folders\cds\Documents\idx\560\labs\560\filesystem\vs110\filesystem\filesystem.vcxproj" on node 2 (Build target(s)).
     1>ClCompile:
         C:\Program Files (x86)\Microsoft Visual Studio 11.0\VC\bin\CL.exe /c /I"\\vmware-host\Shared Folders\cds\Documents\idx\560\labs\560\filesystem\inc" /ZI /nologo /W3 /WX- /Od /Oy- /D _MBCS /Gm /EHsc /RTC1 /MDd /GS /fp:precise /Zc:wchar_t /Zc:forScope /Fo"Debug\\" /Fd"Debug\vc110.pdb" /Gd /TC /analyze- /errorReport:prompt "\\vmware-host\Shared Folders\cds\Documents\idx\560\labs\560\filesystem\src\fs.c"
         fs.c
     1>\\vmware-host\shared folders\cds\documents\idx\560\labs\560\filesystem\src\fs.c(21): warning C4996: 'fopen': This function or variable may be unsafe. Consider using fopen_s instead. To disable deprecation, use _CRT_SECURE_NO_WARNINGS. See online help for details.
                 c:\program files (x86)\microsoft visual studio 11.0\vc\include\stdio.h(218) : see declaration of 'fopen'
     1>\\vmware-host\shared folders\cds\documents\idx\560\labs\560\filesystem\src\fs.c(34): error C2143: syntax error : missing ';' before 'type'
     1>\\vmware-host\shared folders\cds\documents\idx\560\labs\560\filesystem\src\fs.c(34): error C2143: syntax error : missing ')' before 'type'
     1>\\vmware-host\shared folders\cds\documents\idx\560\labs\560\filesystem\src\fs.c(34): error C2065: 'i' : undeclared identifier
     1>\\vmware-host\shared folders\cds\documents\idx\560\labs\560\filesystem\src\fs.c(34): warning C4552: '<' : operator has no effect; expected operator with side-effect
     1>\\vmware-host\shared folders\cds\documents\idx\560\labs\560\filesystem\src\fs.c(34): error C2059: syntax error : ')'
     1>\\vmware-host\shared folders\cds\documents\idx\560\labs\560\filesystem\src\fs.c(34): error C2143: syntax error : missing ';' before '{'
     1>\\vmware-host\shared folders\cds\documents\idx\560\labs\560\filesystem\src\fs.c(35): error C2065: 'i' : undeclared identifier
     1>\\vmware-host\shared folders\cds\documents\idx\560\labs\560\filesystem\src\fs.c(37): error C2143: syntax error : missing ';' before 'type'
     1>\\vmware-host\shared folders\cds\documents\idx\560\labs\560\filesystem\src\fs.c(38): error C2065: 'out' : undeclared identifier
     1>\\vmware-host\shared folders\cds\documents\idx\560\labs\560\filesystem\src\fs.c(38): warning C4047: 'function' : 'char *' differs in levels of indirection from 'int'
     1>\\vmware-host\shared folders\cds\documents\idx\560\labs\560\filesystem\src\fs.c(38): warning C4024: 'sprintf' : different types for formal and actual parameter 1
     1>\\vmware-host\shared folders\cds\documents\idx\560\labs\560\filesystem\src\fs.c(38): error C2065: 'i' : undeclared identifier
     1>\\vmware-host\shared folders\cds\documents\idx\560\labs\560\filesystem\src\fs.c(39): error C2065: 'out' : undeclared identifier
     1>\\vmware-host\shared folders\cds\documents\idx\560\labs\560\filesystem\src\fs.c(39): warning C4047: 'function' : 'const char *' differs in levels of indirection from 'int'
     1>\\vmware-host\shared folders\cds\documents\idx\560\labs\560\filesystem\src\fs.c(39): warning C4024: 'fputs' : different types for formal and actual parameter 1
     1>Done Building Project "\\vmware-host\Shared Folders\cds\Documents\idx\560\labs\560\filesystem\vs110\filesystem\filesystem.vcxproj" (Build target(s)) -- FAILED.

Build FAILED.

Time Elapsed 00:00:01.00
